8=FIX4.4; 35=A; 34=1; 49=M3; 56=MS; 52=2024-08-12-10:54:45; 108=30; 10=0015;
8=FIX4.4; 35=A; 34=1; 49=MS; 56=M3; 52=2024-08-12-10:54:45; 108=30; 10=0016;
8=FIX4.4; 35=0; 34=2; 49=M3; 56=MS; 52=2024-08-12-10:54:45; 108=30; 10=0015;
8=FIX4.4; 35=0; 34=2; 49=MS; 56=M3; 52=2024-08-12-10:54:45; 108=30; 10=0015;
8=FIX4.4; 35=0; 34=3; 49=M3; 56=MS; 52=2024-08-12-10:54:47; 108=30; 10=0015;
8=FIX4.4; 35=0; 34=3; 49=MS; 56=M3; 52=2024-08-12-10:54:47; 108=30; 10=0015;
8=FIX4.4; 35=0; 34=4; 49=M3; 56=MS; 52=2024-08-12-10:54:49; 108=30; 10=0015;
8=FIX4.4; 35=0; 34=4; 49=MS; 56=M3; 52=2024-08-12-10:54:49; 108=30; 10=0015;
8=FIX4.4; 35=0; 34=5; 49=M3; 56=MS; 52=2024-08-12-10:54:51; 108=30; 10=0015;
8=FIX4.4; 35=0; 34=5; 49=MS; 56=M3; 52=2024-08-12-10:54:51; 108=30; 10=0015;
8=FIX4.4; 35=0; 34=6; 49=M3; 56=MS; 52=2024-08-12-10:54:53; 108=30; 10=0015;
8=FIX4.4; 35=0; 34=6; 49=MS; 56=M3; 52=2024-08-12-10:54:53; 108=30; 10=0015;
8=FIX4.4; 35=0; 34=7; 49=M3; 56=MS; 52=2024-08-12-10:54:55; 108=30; 10=0015;
8=FIX4.4; 35=0; 34=7; 49=MS; 56=M3; 52=2024-08-12-10:54:55; 108=30; 10=0015;
8=FIX4.4; 35=0; 34=8; 49=M3; 56=MS; 52=2024-08-12-10:54:57; 108=30; 10=0015;
8=FIX4.4; 35=0; 34=8; 49=MS; 56=M3; 52=2024-08-12-10:54:57; 108=30; 10=0015;
8=FIX4.4; 35=0; 34=9; 49=M3; 56=MS; 52=2024-08-12-10:54:59; 108=30; 10=0015;
8=FIX4.4; 35=0; 34=9; 49=MS; 56=M3; 52=2024-08-12-10:54:59; 108=30; 10=0015;
8=FIX4.4; 35=0; 34=10; 49=M3; 56=MS; 52=2024-08-12-10:55:02; 108=30; 10=0015;
8=FIX4.4; 35=0; 34=10; 49=MS; 56=M3; 52=2024-08-12-10:55:02; 108=30; 10=0015;
8=FIX4.4; 35=0; 34=11; 49=M3; 56=MS; 52=2024-08-12-10:55:04; 108=30; 10=0015;
8=FIX4.4; 35=0; 34=11; 49=MS; 56=M3; 52=2024-08-12-10:55:04; 108=30; 10=0015;
8=FIX4.4; 35=0; 34=12; 49=M3; 56=MS; 52=2024-08-12-10:55:06; 108=30; 10=0015;
8=FIX4.4; 35=0; 34=12; 49=MS; 56=M3; 52=2024-08-12-10:55:06; 108=30; 10=0015;
8=FIX4.4; 35=0; 34=13; 49=M3; 56=MS; 52=2024-08-12-10:55:08; 108=30; 10=0015;
8=FIX4.4; 35=0; 34=13; 49=MS; 56=M3; 52=2024-08-12-10:55:08; 108=30; 10=0015;
8=FIX4.4; 35=0; 34=14; 49=M3; 56=MS; 52=2024-08-12-10:55:10; 108=30; 10=0015;
8=FIX4.4; 35=0; 34=14; 49=MS; 56=M3; 52=2024-08-12-10:55:10; 108=30; 10=0015;
8=FIX4.4; 35=0; 34=15; 49=M3; 56=MS; 52=2024-08-12-10:55:12; 108=30; 10=0015;
8=FIX4.4; 35=0; 34=15; 49=MS; 56=M3; 52=2024-08-12-10:55:12; 108=30; 10=0015;
8=FIX4.4; 35=0; 34=16; 49=M3; 56=MS; 52=2024-08-12-10:55:14; 108=30; 10=0015;
8=FIX4.4; 35=0; 34=16; 49=MS; 56=M3; 52=2024-08-12-10:55:14; 108=30; 10=0015;
8=FIX4.4; 35=0; 34=17; 49=M3; 56=MS; 52=2024-08-12-10:55:17; 108=30; 10=0015;
8=FIX4.4; 35=0; 34=17; 49=MS; 56=M3; 52=2024-08-12-10:55:17; 108=30; 10=0015;
8=FIX4.4; 35=0; 34=18; 49=M3; 56=MS; 52=2024-08-12-10:55:20; 108=30; 10=0015;
8=FIX4.4; 35=0; 34=18; 49=MS; 56=M3; 52=2024-08-12-10:55:20; 108=30; 10=0015;
8=FIX4.4; 35=0; 34=19; 49=M3; 56=MS; 52=2024-08-12-10:55:22; 108=30; 10=0015;
8=FIX4.4; 35=0; 34=19; 49=MS; 56=M3; 52=2024-08-12-10:55:22; 108=30; 10=0015;
8=FIX4.4; 35=0; 34=20; 49=M3; 56=MS; 52=2024-08-12-10:55:24; 108=30; 10=0015;
8=FIX4.4; 35=0; 34=20; 49=MS; 56=M3; 52=2024-08-12-10:55:24; 108=30; 10=0015;
8=FIX4.4; 35=0; 34=21; 49=M3; 56=MS; 52=2024-08-12-10:55:26; 108=30; 10=0015;
8=FIX4.4; 35=0; 34=21; 49=MS; 56=M3; 52=2024-08-12-10:55:26; 108=30; 10=0015;
8=FIX4.4; 35=0; 34=22; 49=M3; 56=MS; 52=2024-08-12-10:55:28; 108=30; 10=0015;
8=FIX4.4; 35=0; 34=22; 49=MS; 56=M3; 52=2024-08-12-10:55:28; 108=30; 10=0015;
8=FIX4.4; 35=0; 34=23; 49=M3; 56=MS; 52=2024-08-12-10:55:30; 108=30; 10=0015;
8=FIX4.4; 35=0; 34=23; 49=MS; 56=M3; 52=2024-08-12-10:55:30; 108=30; 10=0015;
8=FIX4.4; 35=0; 34=24; 49=M3; 56=MS; 52=2024-08-12-10:55:32; 108=30; 10=0015;
8=FIX4.4; 35=0; 34=24; 49=MS; 56=M3; 52=2024-08-12-10:55:32; 108=30; 10=0015;
8=FIX4.4; 35=0; 34=25; 49=M3; 56=MS; 52=2024-08-12-10:55:34; 108=30; 10=0015;
8=FIX4.4; 35=0; 34=25; 49=MS; 56=M3; 52=2024-08-12-10:55:34; 108=30; 10=0015;
8=FIX4.4; 35=0; 34=26; 49=M3; 56=MS; 52=2024-08-12-10:55:36; 108=30; 10=0015;
8=FIX4.4; 35=0; 34=26; 49=MS; 56=M3; 52=2024-08-12-10:55:36; 108=30; 10=0015;
8=FIX4.4; 35=0; 34=27; 49=M3; 56=MS; 52=2024-08-12-10:55:38; 108=30; 10=0015;
8=FIX4.4; 35=0; 34=27; 49=MS; 56=M3; 52=2024-08-12-10:55:38; 108=30; 10=0015;
8=FIX4.4; 35=0; 34=28; 49=M3; 56=MS; 52=2024-08-12-10:55:41; 108=30; 10=0015;
8=FIX4.4; 35=0; 34=28; 49=MS; 56=M3; 52=2024-08-12-10:55:41; 108=30; 10=0015;
8=FIX4.4; 35=0; 34=29; 49=M3; 56=MS; 52=2024-08-12-10:55:43; 108=30; 10=0015;
8=FIX4.4; 35=0; 34=29; 49=MS; 56=M3; 52=2024-08-12-10:55:43; 108=30; 10=0015;
8=FIX4.4; 35=0; 34=30; 49=M3; 56=MS; 52=2024-08-12-10:55:45; 108=30; 10=0015;
8=FIX4.4; 35=0; 34=30; 49=MS; 56=M3; 52=2024-08-12-10:55:45; 108=30; 10=0015;
8=FIX4.4; 35=0; 34=31; 49=M3; 56=MS; 52=2024-08-12-10:55:47; 108=30; 10=0015;
8=FIX4.4; 35=0; 34=31; 49=MS; 56=M3; 52=2024-08-12-10:55:47; 108=30; 10=0015;
8=FIX4.4; 35=0; 34=32; 49=M3; 56=MS; 52=2024-08-12-10:55:49; 108=30; 10=0015;
8=FIX4.4; 35=0; 34=32; 49=MS; 56=M3; 52=2024-08-12-10:55:49; 108=30; 10=0015;
8=FIX4.4; 35=0; 34=33; 49=M3; 56=MS; 52=2024-08-12-10:55:51; 108=30; 10=0015;
8=FIX4.4; 35=0; 34=33; 49=MS; 56=M3; 52=2024-08-12-10:55:51; 108=30; 10=0015;
8=FIX4.4; 35=0; 34=34; 49=M3; 56=MS; 52=2024-08-12-10:55:53; 108=30; 10=0015;
8=FIX4.4; 35=0; 34=34; 49=MS; 56=M3; 52=2024-08-12-10:55:53; 108=30; 10=0015;
8=FIX4.4; 35=0; 34=35; 49=M3; 56=MS; 52=2024-08-12-10:55:55; 108=30; 10=0015;
8=FIX4.4; 35=0; 34=35; 49=MS; 56=M3; 52=2024-08-12-10:55:55; 108=30; 10=0015;
8=FIX4.4; 35=0; 34=36; 49=M3; 56=MS; 52=2024-08-12-10:55:57; 108=30; 10=0015;
8=FIX4.4; 35=0; 34=36; 49=MS; 56=M3; 52=2024-08-12-10:55:57; 108=30; 10=0015;
8=FIX4.4; 35=0; 34=37; 49=M3; 56=MS; 52=2024-08-12-10:55:59; 108=30; 10=0015;
8=FIX4.4; 35=0; 34=37; 49=MS; 56=M3; 52=2024-08-12-10:55:59; 108=30; 10=0015;
8=FIX4.4; 35=0; 34=38; 49=M3; 56=MS; 52=2024-08-12-10:56:01; 108=30; 10=0015;
8=FIX4.4; 35=0; 34=38; 49=MS; 56=M3; 52=2024-08-12-10:56:01; 108=30; 10=0015;
8=FIX4.4; 35=0; 34=39; 49=M3; 56=MS; 52=2024-08-12-10:56:03; 108=30; 10=0015;
8=FIX4.4; 35=0; 34=39; 49=MS; 56=M3; 52=2024-08-12-10:56:03; 108=30; 10=0015;
8=FIX4.4; 35=0; 34=40; 49=M3; 56=MS; 52=2024-08-12-10:56:05; 108=30; 10=0015;
8=FIX4.4; 35=0; 34=40; 49=MS; 56=M3; 52=2024-08-12-10:56:05; 108=30; 10=0015;
8=FIX4.4; 35=0; 34=41; 49=M3; 56=MS; 52=2024-08-12-10:56:07; 108=30; 10=0015;
8=FIX4.4; 35=0; 34=41; 49=MS; 56=M3; 52=2024-08-12-10:56:07; 108=30; 10=0015;
8=FIX4.4; 35=0; 34=42; 49=M3; 56=MS; 52=2024-08-12-10:56:10; 108=30; 10=0015;
8=FIX4.4; 35=0; 34=42; 49=MS; 56=M3; 52=2024-08-12-10:56:10; 108=30; 10=0015;
8=FIX4.4; 35=0; 34=43; 49=M3; 56=MS; 52=2024-08-12-10:56:13; 108=30; 10=0015;
8=FIX4.4; 35=0; 34=43; 49=MS; 56=M3; 52=2024-08-12-10:56:13; 108=30; 10=0015;
8=FIX4.4; 35=0; 34=44; 49=M3; 56=MS; 52=2024-08-12-10:56:15; 108=30; 10=0015;
8=FIX4.4; 35=0; 34=44; 49=MS; 56=M3; 52=2024-08-12-10:56:15; 108=30; 10=0015;
8=FIX4.4; 35=0; 34=45; 49=M3; 56=MS; 52=2024-08-12-10:56:17; 108=30; 10=0015;
8=FIX4.4; 35=0; 34=45; 49=MS; 56=M3; 52=2024-08-12-10:56:17; 108=30; 10=0015;
8=FIX4.4; 35=0; 34=46; 49=M3; 56=MS; 52=2024-08-12-10:56:19; 108=30; 10=0015;
8=FIX4.4; 35=0; 34=46; 49=MS; 56=M3; 52=2024-08-12-10:56:19; 108=30; 10=0015;
8=FIX4.4; 35=0; 34=47; 49=M3; 56=MS; 52=2024-08-12-10:56:22; 108=30; 10=0015;
8=FIX4.4; 35=0; 34=47; 49=MS; 56=M3; 52=2024-08-12-10:56:22; 108=30; 10=0015;
8=FIX4.4; 35=0; 34=48; 49=M3; 56=MS; 52=2024-08-12-10:56:25; 108=30; 10=0015;
8=FIX4.4; 35=0; 34=48; 49=MS; 56=M3; 52=2024-08-12-10:56:25; 108=30; 10=0015;
8=FIX4.4; 35=0; 34=49; 49=M3; 56=MS; 52=2024-08-12-10:56:27; 108=30; 10=0015;
8=FIX4.4; 35=0; 34=49; 49=MS; 56=M3; 52=2024-08-12-10:56:27; 108=30; 10=0015;
8=FIX4.4; 35=0; 34=50; 49=M3; 56=MS; 52=2024-08-12-10:56:29; 108=30; 10=0015;
8=FIX4.4; 35=0; 34=50; 49=MS; 56=M3; 52=2024-08-12-10:56:29; 108=30; 10=0015;
8=FIX4.4; 35=0; 34=51; 49=M3; 56=MS; 52=2024-08-12-10:56:32; 108=30; 10=0015;
8=FIX4.4; 35=0; 34=51; 49=MS; 56=M3; 52=2024-08-12-10:56:32; 108=30; 10=0015;
8=FIX4.4; 35=D; 34=52; 49=M3; 56=MS; 52=2024-08-12-10:56:34; 55=AAPL; 40=2; 38=25540; 21=2; 11=algo20240812105634; 60=2024-08-12-10:56:34; 54=2; 44=1276.37; 10=0252;
8=FIX4.4; 35=8; 34=52; 49=MS; 56=M3; 52=2024-08-12-10:56:34; 55=AAPL; 40=2; 11=algo20240812105634; 31=1276.37; 150=0; 39=0; 54=2; 44=1276.37; 32=0; 17=exec20240812105634; 38=25540; 60=2024-08-12-10:56:34; 6=0; 14=0; 37=algo20240812105634; 10=200;
8=FIX4.4; 35=8; 34=53; 49=MS; 56=M3; 52=2024-08-12-10:56:34; 55=AAPL; 40=2; 11=algo20240812105634; 31=1276.37; 150=1; 39=1; 54=2; 44=1276.37; 32=8513; 17=exec20240812105634; 38=25540; 60=2024-08-12-10:56:34; 6=1276.37; 14=8513; 37=algo20240812105634; 10=240;
8=FIX4.4; 35=F; 34=52; 49=M3; 56=MS; 52=2024-08-12-10:56:35; 41=algo20240812105634; 55=AAPL; 38=25540; 11=C_algo20240812105634; 60=2024-08-12-10:56:35; 10=060;
8=FIX4.4; 35=8; 34=53; 49=MS; 56=M3; 52=2024-08-12-10:56:35; 55=AAPL; 11=C_algo20240812105634; 31=0; 150=6; 39=6; 54=2; 44=1276.37; 17=exec20240812105635; 32=0; 41=algo20240812105634; 38=25540; 60=2024-08-12-10:56:35; 6=0.0; 14=8513; 37=algo20240812105634; 10=252;
8=FIX4.4; 35=8; 34=54; 49=MS; 56=M3; 52=2024-08-12-10:56:35; 151=8514; 55=AAPL; 11=C_algo20240812105634; 31=0; 150=4; 39=4; 54=2; 17=exec20240812105635; 32=0; 41=algo20240812105634; 38=25540; 60=2024-08-12-10:56:35; 6=0.0; 14=8513; 37=algo20240812105634; 10=252;
8=FIX4.4; 35=D; 34=54; 49=M3; 56=MS; 52=2024-08-12-10:56:37; 55=MSFT; 40=2; 38=17508; 21=2; 11=algo20240812105637; 60=2024-08-12-10:56:37; 54=2; 44=59.89; 10=0252;
8=FIX4.4; 35=8; 34=56; 49=MS; 56=M3; 52=2024-08-12-10:56:37; 55=MSFT; 40=2; 11=algo20240812105637; 31=59.89; 150=0; 39=0; 54=2; 44=59.89; 32=0; 17=exec20240812105637; 38=17508; 60=2024-08-12-10:56:37; 6=0; 14=0; 37=algo20240812105637; 10=200;
8=FIX4.4; 35=F; 34=54; 49=M3; 56=MS; 52=2024-08-12-10:56:37; 41=algo20240812105637; 55=MSFT; 38=17508; 11=C_algo20240812105637; 60=2024-08-12-10:56:37; 10=060;
8=FIX4.4; 35=8; 34=56; 49=MS; 56=M3; 52=2024-08-12-10:56:37; 55=MSFT; 11=C_algo20240812105637; 31=0; 150=6; 39=6; 54=2; 44=59.89; 17=exec20240812105637; 32=0; 41=algo20240812105637; 38=17508; 60=2024-08-12-10:56:37; 6=0.0; 14=0; 37=algo20240812105637; 10=252;
8=FIX4.4; 35=8; 34=57; 49=MS; 56=M3; 52=2024-08-12-10:56:37; 151=14007; 55=MSFT; 11=C_algo20240812105637; 31=0; 150=4; 39=4; 54=2; 17=exec20240812105637; 32=0; 41=algo20240812105637; 38=17508; 60=2024-08-12-10:56:37; 6=0.0; 14=0; 37=algo20240812105637; 10=252;
8=FIX4.4; 35=D; 34=56; 49=M3; 56=MS; 52=2024-08-12-10:56:39; 55=AMZN; 40=2; 38=22880; 21=2; 11=algo20240812105639; 60=2024-08-12-10:56:39; 54=2; 44=133.47; 10=0252;
8=FIX4.4; 35=8; 34=59; 49=MS; 56=M3; 52=2024-08-12-10:56:39; 55=AMZN; 40=2; 11=algo20240812105639; 31=133.47; 150=0; 39=0; 54=2; 44=133.47; 32=0; 17=exec20240812105639; 38=22880; 60=2024-08-12-10:56:39; 6=0; 14=0; 37=algo20240812105639; 10=200;
8=FIX4.4; 35=F; 34=56; 49=M3; 56=MS; 52=2024-08-12-10:56:39; 41=algo20240812105639; 55=AMZN; 38=22880; 11=C_algo20240812105639; 60=2024-08-12-10:56:39; 10=060;
8=FIX4.4; 35=8; 34=59; 49=MS; 56=M3; 52=2024-08-12-10:56:39; 55=AMZN; 11=C_algo20240812105639; 31=0; 150=6; 39=6; 54=2; 44=133.47; 17=exec20240812105639; 32=0; 41=algo20240812105639; 38=22880; 60=2024-08-12-10:56:39; 6=0.0; 14=0; 37=algo20240812105639; 10=252;
8=FIX4.4; 35=8; 34=60; 49=MS; 56=M3; 52=2024-08-12-10:56:39; 151=17160; 55=AMZN; 11=C_algo20240812105639; 31=0; 150=4; 39=4; 54=2; 17=exec20240812105639; 32=0; 41=algo20240812105639; 38=22880; 60=2024-08-12-10:56:39; 6=0.0; 14=0; 37=algo20240812105639; 10=252;
8=FIX4.4; 35=D; 34=58; 49=M3; 56=MS; 52=2024-08-12-10:56:42; 55=FB; 40=2; 38=7431; 21=2; 11=algo20240812105642; 60=2024-08-12-10:56:42; 54=2; 44=430.62; 10=0252;
8=FIX4.4; 35=8; 34=62; 49=MS; 56=M3; 52=2024-08-12-10:56:42; 55=FB; 40=2; 11=algo20240812105642; 31=430.62; 150=0; 39=0; 54=2; 44=430.62; 32=0; 17=exec20240812105642; 38=7431; 60=2024-08-12-10:56:42; 6=0; 14=0; 37=algo20240812105642; 10=200;
8=FIX4.4; 35=8; 34=63; 49=MS; 56=M3; 52=2024-08-12-10:56:43; 55=FB; 40=2; 11=algo20240812105642; 31=430.62; 150=2; 39=2; 54=2; 44=430.62; 32=7431; 17=exec20240812105643; 38=7431; 60=2024-08-12-10:56:43; 6=430.62; 14=7431; 37=algo20240812105642; 10=246;
8=FIX4.4; 35=D; 34=59; 49=M3; 56=MS; 52=2024-08-12-10:56:43; 55=GOOG; 40=2; 38=25705; 21=2; 11=algo20240812105643; 60=2024-08-12-10:56:43; 54=1; 44=42.05; 10=0252;
8=FIX4.4; 35=8; 34=64; 49=MS; 56=M3; 52=2024-08-12-10:56:43; 55=GOOG; 40=2; 11=algo20240812105643; 31=42.05; 150=0; 39=0; 54=1; 44=42.05; 32=0; 17=exec20240812105643; 38=25705; 60=2024-08-12-10:56:43; 6=0; 14=0; 37=algo20240812105643; 10=200;
8=FIX4.4; 35=8; 34=65; 49=MS; 56=M3; 52=2024-08-12-10:56:43; 55=GOOG; 40=2; 11=algo20240812105643; 31=42.05; 150=1; 39=1; 54=1; 44=42.05; 32=5141; 17=exec20240812105643; 38=25705; 60=2024-08-12-10:56:43; 6=42.05; 14=5141; 37=algo20240812105643; 10=240;
8=FIX4.4; 35=F; 34=59; 49=M3; 56=MS; 52=2024-08-12-10:56:44; 41=algo20240812105643; 55=GOOG; 38=25705; 11=C_algo20240812105643; 60=2024-08-12-10:56:44; 10=060;
8=FIX4.4; 35=8; 34=65; 49=MS; 56=M3; 52=2024-08-12-10:56:44; 55=GOOG; 11=C_algo20240812105643; 31=0; 150=6; 39=6; 54=1; 44=42.05; 17=exec20240812105644; 32=0; 41=algo20240812105643; 38=25705; 60=2024-08-12-10:56:44; 6=0.0; 14=5141; 37=algo20240812105643; 10=252;
8=FIX4.4; 35=8; 34=66; 49=MS; 56=M3; 52=2024-08-12-10:56:44; 151=15423; 55=GOOG; 11=C_algo20240812105643; 31=0; 150=4; 39=4; 54=1; 17=exec20240812105644; 32=0; 41=algo20240812105643; 38=25705; 60=2024-08-12-10:56:44; 6=0.0; 14=5141; 37=algo20240812105643; 10=252;
8=FIX4.4; 35=D; 34=61; 49=M3; 56=MS; 52=2024-08-12-10:56:47; 55=GOOGL; 40=2; 38=8361; 21=2; 11=algo20240812105647; 60=2024-08-12-10:56:47; 54=1; 44=289.20; 10=0252;
8=FIX4.4; 35=8; 34=68; 49=MS; 56=M3; 52=2024-08-12-10:56:47; 55=GOOGL; 40=2; 11=algo20240812105647; 31=289.20; 150=0; 39=0; 54=1; 44=289.20; 32=0; 17=exec20240812105647; 38=8361; 60=2024-08-12-10:56:47; 6=0; 14=0; 37=algo20240812105647; 10=200;
8=FIX4.4; 35=8; 34=69; 49=MS; 56=M3; 52=2024-08-12-10:56:49; 55=GOOGL; 40=2; 11=algo20240812105647; 31=289.20; 150=2; 39=2; 54=1; 44=289.20; 32=8361; 17=exec20240812105649; 38=8361; 60=2024-08-12-10:56:49; 6=289.20; 14=8361; 37=algo20240812105647; 10=246;
8=FIX4.4; 35=D; 34=62; 49=M3; 56=MS; 52=2024-08-12-10:56:49; 55=INTC; 40=2; 38=14640; 21=2; 11=algo20240812105649; 60=2024-08-12-10:56:49; 54=1; 44=339.13; 10=0252;
8=FIX4.4; 35=8; 34=70; 49=MS; 56=M3; 52=2024-08-12-10:56:49; 55=INTC; 40=2; 11=algo20240812105649; 31=339.13; 150=0; 39=0; 54=1; 44=339.13; 32=0; 17=exec20240812105649; 38=14640; 60=2024-08-12-10:56:49; 6=0; 14=0; 37=algo20240812105649; 10=200;
8=FIX4.4; 35=F; 34=62; 49=M3; 56=MS; 52=2024-08-12-10:56:49; 41=algo20240812105649; 55=INTC; 38=14640; 11=C_algo20240812105649; 60=2024-08-12-10:56:49; 10=060;
8=FIX4.4; 35=8; 34=70; 49=MS; 56=M3; 52=2024-08-12-10:56:49; 55=INTC; 11=C_algo20240812105649; 31=0; 150=6; 39=6; 54=1; 44=339.13; 17=exec20240812105649; 32=0; 41=algo20240812105649; 38=14640; 60=2024-08-12-10:56:49; 6=0.0; 14=0; 37=algo20240812105649; 10=252;
8=FIX4.4; 35=8; 34=71; 49=MS; 56=M3; 52=2024-08-12-10:56:49; 151=11712; 55=INTC; 11=C_algo20240812105649; 31=0; 150=4; 39=4; 54=1; 17=exec20240812105649; 32=0; 41=algo20240812105649; 38=14640; 60=2024-08-12-10:56:49; 6=0.0; 14=0; 37=algo20240812105649; 10=252;
8=FIX4.4; 35=D; 34=64; 49=M3; 56=MS; 52=2024-08-12-10:56:51; 55=PEP; 40=2; 38=31902; 21=2; 11=algo20240812105651; 60=2024-08-12-10:56:51; 54=1; 44=36.21; 10=0252;
8=FIX4.4; 35=8; 34=73; 49=MS; 56=M3; 52=2024-08-12-10:56:51; 55=PEP; 40=2; 11=algo20240812105651; 31=36.21; 150=0; 39=0; 54=1; 44=36.21; 32=0; 17=exec20240812105651; 38=31902; 60=2024-08-12-10:56:51; 6=0; 14=0; 37=algo20240812105651; 10=200;
8=FIX4.4; 35=8; 34=74; 49=MS; 56=M3; 52=2024-08-12-10:56:51; 55=PEP; 40=2; 11=algo20240812105651; 31=36.21; 150=1; 39=1; 54=1; 44=36.21; 32=10634; 17=exec20240812105651; 38=31902; 60=2024-08-12-10:56:51; 6=36.21; 14=10634; 37=algo20240812105651; 10=240;
8=FIX4.4; 35=F; 34=64; 49=M3; 56=MS; 52=2024-08-12-10:56:52; 41=algo20240812105651; 55=PEP; 38=31902; 11=C_algo20240812105651; 60=2024-08-12-10:56:52; 10=060;
8=FIX4.4; 35=8; 34=74; 49=MS; 56=M3; 52=2024-08-12-10:56:52; 55=PEP; 11=C_algo20240812105651; 31=0; 150=6; 39=6; 54=1; 44=36.21; 17=exec20240812105652; 32=0; 41=algo20240812105651; 38=31902; 60=2024-08-12-10:56:52; 6=0.0; 14=10634; 37=algo20240812105651; 10=252;
8=FIX4.4; 35=8; 34=75; 49=MS; 56=M3; 52=2024-08-12-10:56:52; 151=10634; 55=PEP; 11=C_algo20240812105651; 31=0; 150=4; 39=4; 54=1; 17=exec20240812105652; 32=0; 41=algo20240812105651; 38=31902; 60=2024-08-12-10:56:52; 6=0.0; 14=10634; 37=algo20240812105651; 10=252;
8=FIX4.4; 35=D; 34=66; 49=M3; 56=MS; 52=2024-08-12-10:56:54; 55=NFLX; 40=2; 38=13435; 21=2; 11=algo20240812105654; 60=2024-08-12-10:56:54; 54=1; 44=306.71; 10=0252;
8=FIX4.4; 35=8; 34=77; 49=MS; 56=M3; 52=2024-08-12-10:56:54; 55=NFLX; 40=2; 11=algo20240812105654; 31=306.71; 150=0; 39=0; 54=1; 44=306.71; 32=0; 17=exec20240812105654; 38=13435; 60=2024-08-12-10:56:54; 6=0; 14=0; 37=algo20240812105654; 10=200;
8=FIX4.4; 35=F; 34=66; 49=M3; 56=MS; 52=2024-08-12-10:56:54; 41=algo20240812105654; 55=NFLX; 38=13435; 11=C_algo20240812105654; 60=2024-08-12-10:56:54; 10=060;
8=FIX4.4; 35=8; 34=77; 49=MS; 56=M3; 52=2024-08-12-10:56:54; 55=NFLX; 11=C_algo20240812105654; 31=0; 150=6; 39=6; 54=1; 44=306.71; 17=exec20240812105654; 32=0; 41=algo20240812105654; 38=13435; 60=2024-08-12-10:56:54; 6=0.0; 14=0; 37=algo20240812105654; 10=252;
8=FIX4.4; 35=8; 34=78; 49=MS; 56=M3; 52=2024-08-12-10:56:54; 151=6718; 55=NFLX; 11=C_algo20240812105654; 31=0; 150=4; 39=4; 54=1; 17=exec20240812105654; 32=0; 41=algo20240812105654; 38=13435; 60=2024-08-12-10:56:54; 6=0.0; 14=0; 37=algo20240812105654; 10=252;
8=FIX4.4; 35=D; 34=68; 49=M3; 56=MS; 52=2024-08-12-10:56:56; 55=CSCO; 40=2; 38=1761; 21=2; 11=algo20240812105656; 60=2024-08-12-10:56:56; 54=2; 44=233.73; 10=0252;
8=FIX4.4; 35=8; 34=80; 49=MS; 56=M3; 52=2024-08-12-10:56:56; 55=CSCO; 40=2; 11=algo20240812105656; 31=233.73; 150=0; 39=0; 54=2; 44=233.73; 32=0; 17=exec20240812105656; 38=1761; 60=2024-08-12-10:56:56; 6=0; 14=0; 37=algo20240812105656; 10=200;
8=FIX4.4; 35=8; 34=81; 49=MS; 56=M3; 52=2024-08-12-10:56:57; 55=CSCO; 40=2; 11=algo20240812105656; 31=233.73; 150=2; 39=2; 54=2; 44=233.73; 32=1761; 17=exec20240812105657; 38=1761; 60=2024-08-12-10:56:57; 6=233.73; 14=1761; 37=algo20240812105656; 10=246;
8=FIX4.4; 35=D; 34=69; 49=M3; 56=MS; 52=2024-08-12-10:56:57; 55=AMGN; 40=2; 38=24566; 21=2; 11=algo20240812105657; 60=2024-08-12-10:56:57; 54=2; 44=116.62; 10=0252;
8=FIX4.4; 35=8; 34=82; 49=MS; 56=M3; 52=2024-08-12-10:56:57; 55=AMGN; 40=2; 11=algo20240812105657; 31=116.62; 150=0; 39=0; 54=2; 44=116.62; 32=0; 17=exec20240812105657; 38=24566; 60=2024-08-12-10:56:57; 6=0; 14=0; 37=algo20240812105657; 10=200;
8=FIX4.4; 35=8; 34=83; 49=MS; 56=M3; 52=2024-08-12-10:56:59; 55=AMGN; 40=2; 11=algo20240812105657; 31=116.62; 150=2; 39=2; 54=2; 44=116.62; 32=24566; 17=exec20240812105659; 38=24566; 60=2024-08-12-10:56:59; 6=116.62; 14=24566; 37=algo20240812105657; 10=246;
8=FIX4.4; 35=D; 34=70; 49=M3; 56=MS; 52=2024-08-12-10:56:59; 55=PYPL; 40=2; 38=31746; 21=2; 11=algo20240812105659; 60=2024-08-12-10:56:59; 54=2; 44=723.61; 10=0252;
8=FIX4.4; 35=8; 34=84; 49=MS; 56=M3; 52=2024-08-12-10:56:59; 55=PYPL; 40=2; 11=algo20240812105659; 31=723.61; 150=0; 39=0; 54=2; 44=723.61; 32=0; 17=exec20240812105659; 38=31746; 60=2024-08-12-10:56:59; 6=0; 14=0; 37=algo20240812105659; 10=200;
8=FIX4.4; 35=8; 34=85; 49=MS; 56=M3; 52=2024-08-12-10:57:00; 55=PYPL; 40=2; 11=algo20240812105659; 31=723.61; 150=2; 39=2; 54=2; 44=723.61; 32=31746; 17=exec20240812105700; 38=31746; 60=2024-08-12-10:57:00; 6=723.61; 14=31746; 37=algo20240812105659; 10=246;
8=FIX4.4; 35=D; 34=71; 49=M3; 56=MS; 52=2024-08-12-10:57:00; 55=TSLA; 40=2; 38=26889; 21=2; 11=algo20240812105700; 60=2024-08-12-10:57:00; 54=2; 44=503.77; 10=0252;
8=FIX4.4; 35=8; 34=86; 49=MS; 56=M3; 52=2024-08-12-10:57:00; 55=TSLA; 40=2; 11=algo20240812105700; 31=503.77; 150=0; 39=0; 54=2; 44=503.77; 32=0; 17=exec20240812105700; 38=26889; 60=2024-08-12-10:57:00; 6=0; 14=0; 37=algo20240812105700; 10=200;
8=FIX4.4; 35=8; 34=87; 49=MS; 56=M3; 52=2024-08-12-10:57:00; 55=TSLA; 40=2; 11=algo20240812105700; 31=503.77; 150=1; 39=1; 54=2; 44=503.77; 32=13444; 17=exec20240812105700; 38=26889; 60=2024-08-12-10:57:00; 6=503.77; 14=13444; 37=algo20240812105700; 10=240;
8=FIX4.4; 35=8; 34=88; 49=MS; 56=M3; 52=2024-08-12-10:57:02; 55=TSLA; 40=2; 11=algo20240812105700; 31=503.77; 150=2; 39=2; 54=2; 44=503.77; 32=13445; 17=exec20240812105702; 38=26889; 60=2024-08-12-10:57:02; 6=503.77; 14=26889; 37=algo20240812105700; 10=246;
8=FIX4.4; 35=D; 34=72; 49=M3; 56=MS; 52=2024-08-12-10:57:02; 55=TXN; 40=2; 38=19576; 21=2; 11=algo20240812105702; 60=2024-08-12-10:57:02; 54=1; 44=112.46; 10=0252;
8=FIX4.4; 35=8; 34=89; 49=MS; 56=M3; 52=2024-08-12-10:57:02; 55=TXN; 40=2; 11=algo20240812105702; 31=112.46; 150=0; 39=0; 54=1; 44=112.46; 32=0; 17=exec20240812105702; 38=19576; 60=2024-08-12-10:57:02; 6=0; 14=0; 37=algo20240812105702; 10=200;
8=FIX4.4; 35=8; 34=90; 49=MS; 56=M3; 52=2024-08-12-10:57:02; 55=TXN; 40=2; 11=algo20240812105702; 31=112.46; 150=1; 39=1; 54=1; 44=112.46; 32=3915; 17=exec20240812105702; 38=19576; 60=2024-08-12-10:57:02; 6=112.46; 14=3915; 37=algo20240812105702; 10=240;
8=FIX4.4; 35=8; 34=91; 49=MS; 56=M3; 52=2024-08-12-10:57:03; 55=TXN; 40=2; 11=algo20240812105702; 31=112.46; 150=1; 39=1; 54=1; 44=112.46; 32=3915; 17=exec20240812105703; 38=19576; 60=2024-08-12-10:57:03; 6=112.46; 14=7830; 37=algo20240812105702; 10=240;
8=FIX4.4; 35=8; 34=92; 49=MS; 56=M3; 52=2024-08-12-10:57:04; 55=TXN; 40=2; 11=algo20240812105702; 31=112.46; 150=1; 39=1; 54=1; 44=112.46; 32=3915; 17=exec20240812105704; 38=19576; 60=2024-08-12-10:57:04; 6=112.46; 14=11745; 37=algo20240812105702; 10=240;
8=FIX4.4; 35=F; 34=72; 49=M3; 56=MS; 52=2024-08-12-10:57:06; 41=algo20240812105702; 55=TXN; 38=19576; 11=C_algo20240812105702; 60=2024-08-12-10:57:06; 10=060;
8=FIX4.4; 35=8; 34=92; 49=MS; 56=M3; 52=2024-08-12-10:57:06; 55=TXN; 11=C_algo20240812105702; 31=0; 150=6; 39=6; 54=1; 44=112.46; 17=exec20240812105706; 32=0; 41=algo20240812105702; 38=19576; 60=2024-08-12-10:57:06; 6=0.0; 14=11745; 37=algo20240812105702; 10=252;
8=FIX4.4; 35=8; 34=93; 49=MS; 56=M3; 52=2024-08-12-10:57:06; 151=3916; 55=TXN; 11=C_algo20240812105702; 31=0; 150=4; 39=4; 54=1; 17=exec20240812105706; 32=0; 41=algo20240812105702; 38=19576; 60=2024-08-12-10:57:06; 6=0.0; 14=11745; 37=algo20240812105702; 10=252;
8=FIX4.4; 35=D; 34=74; 49=M3; 56=MS; 52=2024-08-12-10:57:08; 55=AVGO; 40=2; 38=31584; 21=2; 11=algo20240812105708; 60=2024-08-12-10:57:08; 54=1; 44=262.99; 10=0252;
8=FIX4.4; 35=8; 34=95; 49=MS; 56=M3; 52=2024-08-12-10:57:08; 55=AVGO; 40=2; 11=algo20240812105708; 31=262.99; 150=0; 39=0; 54=1; 44=262.99; 32=0; 17=exec20240812105708; 38=31584; 60=2024-08-12-10:57:08; 6=0; 14=0; 37=algo20240812105708; 10=200;
8=FIX4.4; 35=8; 34=96; 49=MS; 56=M3; 52=2024-08-12-10:57:08; 55=AVGO; 40=2; 11=algo20240812105708; 31=262.99; 150=1; 39=1; 54=1; 44=262.99; 32=15792; 17=exec20240812105708; 38=31584; 60=2024-08-12-10:57:08; 6=262.99; 14=15792; 37=algo20240812105708; 10=240;
8=FIX4.4; 35=8; 34=97; 49=MS; 56=M3; 52=2024-08-12-10:57:10; 55=AVGO; 40=2; 11=algo20240812105708; 31=262.99; 150=2; 39=2; 54=1; 44=262.99; 32=15792; 17=exec20240812105710; 38=31584; 60=2024-08-12-10:57:10; 6=262.99; 14=31584; 37=algo20240812105708; 10=246;
8=FIX4.4; 35=D; 34=75; 49=M3; 56=MS; 52=2024-08-12-10:57:10; 55=GILD; 40=2; 38=16135; 21=2; 11=algo20240812105710; 60=2024-08-12-10:57:10; 54=1; 44=82.91; 10=0252;
8=FIX4.4; 35=8; 34=98; 49=MS; 56=M3; 52=2024-08-12-10:57:10; 55=GILD; 40=2; 11=algo20240812105710; 31=82.91; 150=0; 39=0; 54=1; 44=82.91; 32=0; 17=exec20240812105710; 38=16135; 60=2024-08-12-10:57:10; 6=0; 14=0; 37=algo20240812105710; 10=200;
8=FIX4.4; 35=8; 34=99; 49=MS; 56=M3; 52=2024-08-12-10:57:11; 55=GILD; 40=2; 11=algo20240812105710; 31=82.91; 150=2; 39=2; 54=1; 44=82.91; 32=16135; 17=exec20240812105711; 38=16135; 60=2024-08-12-10:57:11; 6=82.91; 14=16135; 37=algo20240812105710; 10=246;
8=FIX4.4; 35=D; 34=76; 49=M3; 56=MS; 52=2024-08-12-10:57:11; 55=SBUX; 40=2; 38=19137; 21=2; 11=algo20240812105711; 60=2024-08-12-10:57:11; 54=1; 44=75.71; 10=0252;
8=FIX4.4; 35=8; 34=100; 49=MS; 56=M3; 52=2024-08-12-10:57:11; 55=SBUX; 40=2; 11=algo20240812105711; 31=75.71; 150=0; 39=0; 54=1; 44=75.71; 32=0; 17=exec20240812105711; 38=19137; 60=2024-08-12-10:57:11; 6=0; 14=0; 37=algo20240812105711; 10=200;
8=FIX4.4; 35=8; 34=101; 49=MS; 56=M3; 52=2024-08-12-10:57:12; 55=SBUX; 40=2; 11=algo20240812105711; 31=75.71; 150=2; 39=2; 54=1; 44=75.71; 32=19137; 17=exec20240812105712; 38=19137; 60=2024-08-12-10:57:12; 6=75.71; 14=19137; 37=algo20240812105711; 10=246;
8=FIX4.4; 35=D; 34=77; 49=M3; 56=MS; 52=2024-08-12-10:57:12; 55=QCOM; 40=2; 38=18558; 21=2; 11=algo20240812105712; 60=2024-08-12-10:57:12; 54=2; 44=75.47; 10=0252;
8=FIX4.4; 35=8; 34=102; 49=MS; 56=M3; 52=2024-08-12-10:57:12; 55=QCOM; 40=2; 11=algo20240812105712; 31=75.47; 150=0; 39=0; 54=2; 44=75.47; 32=0; 17=exec20240812105712; 38=18558; 60=2024-08-12-10:57:12; 6=0; 14=0; 37=algo20240812105712; 10=200;
8=FIX4.4; 35=8; 34=103; 49=MS; 56=M3; 52=2024-08-12-10:57:13; 55=QCOM; 40=2; 11=algo20240812105712; 31=75.47; 150=2; 39=2; 54=2; 44=75.47; 32=18558; 17=exec20240812105713; 38=18558; 60=2024-08-12-10:57:13; 6=75.47; 14=18558; 37=algo20240812105712; 10=246;
8=FIX4.4; 35=D; 34=78; 49=M3; 56=MS; 52=2024-08-12-10:57:13; 55=TMUS; 40=2; 38=12086; 21=2; 11=algo20240812105713; 60=2024-08-12-10:57:13; 54=2; 44=90.74; 10=0252;
8=FIX4.4; 35=8; 34=104; 49=MS; 56=M3; 52=2024-08-12-10:57:13; 55=TMUS; 40=2; 11=algo20240812105713; 31=90.74; 150=0; 39=0; 54=2; 44=90.74; 32=0; 17=exec20240812105713; 38=12086; 60=2024-08-12-10:57:13; 6=0; 14=0; 37=algo20240812105713; 10=200;
8=FIX4.4; 35=F; 34=78; 49=M3; 56=MS; 52=2024-08-12-10:57:13; 41=algo20240812105713; 55=TMUS; 38=12086; 11=C_algo20240812105713; 60=2024-08-12-10:57:13; 10=060;
8=FIX4.4; 35=8; 34=104; 49=MS; 56=M3; 52=2024-08-12-10:57:13; 55=TMUS; 11=C_algo20240812105713; 31=0; 150=6; 39=6; 54=2; 44=90.74; 17=exec20240812105713; 32=0; 41=algo20240812105713; 38=12086; 60=2024-08-12-10:57:13; 6=0.0; 14=0; 37=algo20240812105713; 10=252;
8=FIX4.4; 35=8; 34=105; 49=MS; 56=M3; 52=2024-08-12-10:57:13; 151=6043; 55=TMUS; 11=C_algo20240812105713; 31=0; 150=4; 39=4; 54=2; 17=exec20240812105713; 32=0; 41=algo20240812105713; 38=12086; 60=2024-08-12-10:57:13; 6=0.0; 14=0; 37=algo20240812105713; 10=252;
8=FIX4.4; 35=D; 34=80; 49=M3; 56=MS; 52=2024-08-12-10:57:16; 55=MDLZ; 40=2; 38=31684; 21=2; 11=algo20240812105716; 60=2024-08-12-10:57:16; 54=2; 44=52.26; 10=0252;
8=FIX4.4; 35=8; 34=107; 49=MS; 56=M3; 52=2024-08-12-10:57:16; 55=MDLZ; 40=2; 11=algo20240812105716; 31=52.26; 150=0; 39=0; 54=2; 44=52.26; 32=0; 17=exec20240812105716; 38=31684; 60=2024-08-12-10:57:16; 6=0; 14=0; 37=algo20240812105716; 10=200;
8=FIX4.4; 35=F; 34=80; 49=M3; 56=MS; 52=2024-08-12-10:57:16; 41=algo20240812105716; 55=MDLZ; 38=31684; 11=C_algo20240812105716; 60=2024-08-12-10:57:16; 10=060;
8=FIX4.4; 35=8; 34=107; 49=MS; 56=M3; 52=2024-08-12-10:57:16; 55=MDLZ; 11=C_algo20240812105716; 31=0; 150=6; 39=6; 54=2; 44=52.26; 17=exec20240812105716; 32=0; 41=algo20240812105716; 38=31684; 60=2024-08-12-10:57:16; 6=0.0; 14=0; 37=algo20240812105716; 10=252;
8=FIX4.4; 35=8; 34=108; 49=MS; 56=M3; 52=2024-08-12-10:57:16; 151=25348; 55=MDLZ; 11=C_algo20240812105716; 31=0; 150=4; 39=4; 54=2; 17=exec20240812105716; 32=0; 41=algo20240812105716; 38=31684; 60=2024-08-12-10:57:16; 6=0.0; 14=0; 37=algo20240812105716; 10=252;
8=FIX4.4; 35=D; 34=82; 49=M3; 56=MS; 52=2024-08-12-10:57:19; 55=BAC; 40=2; 38=21121; 21=2; 11=algo20240812105719; 60=2024-08-12-10:57:19; 54=1; 44=22.03; 10=0252;
8=FIX4.4; 35=8; 34=110; 49=MS; 56=M3; 52=2024-08-12-10:57:19; 55=BAC; 40=2; 11=algo20240812105719; 31=22.03; 150=0; 39=0; 54=1; 44=22.03; 32=0; 17=exec20240812105719; 38=21121; 60=2024-08-12-10:57:19; 6=0; 14=0; 37=algo20240812105719; 10=200;
8=FIX4.4; 35=8; 34=111; 49=MS; 56=M3; 52=2024-08-12-10:57:20; 55=BAC; 40=2; 11=algo20240812105719; 31=22.03; 150=2; 39=2; 54=1; 44=22.03; 32=21121; 17=exec20240812105720; 38=21121; 60=2024-08-12-10:57:20; 6=22.03; 14=21121; 37=algo20240812105719; 10=246;
8=FIX4.4; 35=D; 34=83; 49=M3; 56=MS; 52=2024-08-12-10:57:20; 55=DDD; 40=2; 38=18147; 21=2; 11=algo20240812105720; 60=2024-08-12-10:57:20; 54=2; 44=8.01; 10=0252;
8=FIX4.4; 35=8; 34=112; 49=MS; 56=M3; 52=2024-08-12-10:57:20; 55=DDD; 40=2; 11=algo20240812105720; 31=8.01; 150=0; 39=0; 54=2; 44=8.01; 32=0; 17=exec20240812105720; 38=18147; 60=2024-08-12-10:57:20; 6=0; 14=0; 37=algo20240812105720; 10=200;
8=FIX4.4; 35=F; 34=83; 49=M3; 56=MS; 52=2024-08-12-10:57:20; 41=algo20240812105720; 55=DDD; 38=18147; 11=C_algo20240812105720; 60=2024-08-12-10:57:20; 10=060;
8=FIX4.4; 35=8; 34=112; 49=MS; 56=M3; 52=2024-08-12-10:57:20; 55=DDD; 11=C_algo20240812105720; 31=0; 150=6; 39=6; 54=2; 44=8.01; 17=exec20240812105720; 32=0; 41=algo20240812105720; 38=18147; 60=2024-08-12-10:57:20; 6=0.0; 14=0; 37=algo20240812105720; 10=252;
8=FIX4.4; 35=8; 34=113; 49=MS; 56=M3; 52=2024-08-12-10:57:20; 151=12098; 55=DDD; 11=C_algo20240812105720; 31=0; 150=4; 39=4; 54=2; 17=exec20240812105720; 32=0; 41=algo20240812105720; 38=18147; 60=2024-08-12-10:57:20; 6=0.0; 14=0; 37=algo20240812105720; 10=252;
8=FIX4.4; 35=D; 34=85; 49=M3; 56=MS; 52=2024-08-12-10:57:22; 55=MMM; 40=2; 38=25226; 21=2; 11=algo20240812105722; 60=2024-08-12-10:57:22; 54=1; 44=146.98; 10=0252;
8=FIX4.4; 35=8; 34=115; 49=MS; 56=M3; 52=2024-08-12-10:57:22; 55=MMM; 40=2; 11=algo20240812105722; 31=146.98; 150=0; 39=0; 54=1; 44=146.98; 32=0; 17=exec20240812105722; 38=25226; 60=2024-08-12-10:57:22; 6=0; 14=0; 37=algo20240812105722; 10=200;
8=FIX4.4; 35=8; 34=116; 49=MS; 56=M3; 52=2024-08-12-10:57:22; 55=MMM; 40=2; 11=algo20240812105722; 31=146.98; 150=1; 39=1; 54=1; 44=146.98; 32=5045; 17=exec20240812105722; 38=25226; 60=2024-08-12-10:57:22; 6=146.98; 14=5045; 37=algo20240812105722; 10=240;
8=FIX4.4; 35=F; 34=85; 49=M3; 56=MS; 52=2024-08-12-10:57:25; 41=algo20240812105722; 55=MMM; 38=25226; 11=C_algo20240812105722; 60=2024-08-12-10:57:25; 10=060;
8=FIX4.4; 35=8; 34=116; 49=MS; 56=M3; 52=2024-08-12-10:57:25; 55=MMM; 11=C_algo20240812105722; 31=0; 150=6; 39=6; 54=1; 44=146.98; 17=exec20240812105725; 32=0; 41=algo20240812105722; 38=25226; 60=2024-08-12-10:57:25; 6=0.0; 14=5045; 37=algo20240812105722; 10=252;
8=FIX4.4; 35=8; 34=117; 49=MS; 56=M3; 52=2024-08-12-10:57:25; 151=15136; 55=MMM; 11=C_algo20240812105722; 31=0; 150=4; 39=4; 54=1; 17=exec20240812105725; 32=0; 41=algo20240812105722; 38=25226; 60=2024-08-12-10:57:25; 6=0.0; 14=5045; 37=algo20240812105722; 10=252;
8=FIX4.4; 35=D; 34=87; 49=M3; 56=MS; 52=2024-08-12-10:57:27; 55=WBAI; 40=2; 38=31842; 21=2; 11=algo20240812105727; 60=2024-08-12-10:57:27; 54=2; 44=4.10; 10=0252;
8=FIX4.4; 35=8; 34=119; 49=MS; 56=M3; 52=2024-08-12-10:57:27; 55=WBAI; 40=2; 11=algo20240812105727; 31=4.10; 150=0; 39=0; 54=2; 44=4.10; 32=0; 17=exec20240812105727; 38=31842; 60=2024-08-12-10:57:27; 6=0; 14=0; 37=algo20240812105727; 10=200;
8=FIX4.4; 35=F; 34=87; 49=M3; 56=MS; 52=2024-08-12-10:57:27; 41=algo20240812105727; 55=WBAI; 38=31842; 11=C_algo20240812105727; 60=2024-08-12-10:57:27; 10=060;
8=FIX4.4; 35=8; 34=119; 49=MS; 56=M3; 52=2024-08-12-10:57:27; 55=WBAI; 11=C_algo20240812105727; 31=0; 150=6; 39=6; 54=2; 44=4.10; 17=exec20240812105727; 32=0; 41=algo20240812105727; 38=31842; 60=2024-08-12-10:57:27; 6=0.0; 14=0; 37=algo20240812105727; 10=252;
8=FIX4.4; 35=8; 34=120; 49=MS; 56=M3; 52=2024-08-12-10:57:27; 151=23882; 55=WBAI; 11=C_algo20240812105727; 31=0; 150=4; 39=4; 54=2; 17=exec20240812105727; 32=0; 41=algo20240812105727; 38=31842; 60=2024-08-12-10:57:27; 6=0.0; 14=0; 37=algo20240812105727; 10=252;
8=FIX4.4; 35=D; 34=89; 49=M3; 56=MS; 52=2024-08-12-10:57:30; 55=WUBA; 40=2; 38=20939; 21=2; 11=algo20240812105730; 60=2024-08-12-10:57:30; 54=1; 44=51.41; 10=0252;
8=FIX4.4; 35=8; 34=122; 49=MS; 56=M3; 52=2024-08-12-10:57:30; 55=WUBA; 40=2; 11=algo20240812105730; 31=51.41; 150=0; 39=0; 54=1; 44=51.41; 32=0; 17=exec20240812105730; 38=20939; 60=2024-08-12-10:57:30; 6=0; 14=0; 37=algo20240812105730; 10=200;
8=FIX4.4; 35=8; 34=123; 49=MS; 56=M3; 52=2024-08-12-10:57:31; 55=WUBA; 40=2; 11=algo20240812105730; 31=51.41; 150=2; 39=2; 54=1; 44=51.41; 32=20939; 17=exec20240812105731; 38=20939; 60=2024-08-12-10:57:31; 6=51.41; 14=20939; 37=algo20240812105730; 10=246;
8=FIX4.4; 35=D; 34=90; 49=M3; 56=MS; 52=2024-08-12-10:57:31; 55=EGHT; 40=2; 38=9716; 21=2; 11=algo20240812105731; 60=2024-08-12-10:57:31; 54=1; 44=17.03; 10=0252;
8=FIX4.4; 35=8; 34=124; 49=MS; 56=M3; 52=2024-08-12-10:57:31; 55=EGHT; 40=2; 11=algo20240812105731; 31=17.03; 150=0; 39=0; 54=1; 44=17.03; 32=0; 17=exec20240812105731; 38=9716; 60=2024-08-12-10:57:31; 6=0; 14=0; 37=algo20240812105731; 10=200;
8=FIX4.4; 35=F; 34=90; 49=M3; 56=MS; 52=2024-08-12-10:57:31; 41=algo20240812105731; 55=EGHT; 38=9716; 11=C_algo20240812105731; 60=2024-08-12-10:57:31; 10=060;
8=FIX4.4; 35=8; 34=124; 49=MS; 56=M3; 52=2024-08-12-10:57:31; 55=EGHT; 11=C_algo20240812105731; 31=0; 150=6; 39=6; 54=1; 44=17.03; 17=exec20240812105731; 32=0; 41=algo20240812105731; 38=9716; 60=2024-08-12-10:57:31; 6=0.0; 14=0; 37=algo20240812105731; 10=252;
8=FIX4.4; 35=8; 34=125; 49=MS; 56=M3; 52=2024-08-12-10:57:31; 151=7287; 55=EGHT; 11=C_algo20240812105731; 31=0; 150=4; 39=4; 54=1; 17=exec20240812105731; 32=0; 41=algo20240812105731; 38=9716; 60=2024-08-12-10:57:31; 6=0.0; 14=0; 37=algo20240812105731; 10=252;
8=FIX4.4; 35=D; 34=92; 49=M3; 56=MS; 52=2024-08-12-10:57:33; 55=AHC; 40=2; 38=4857; 21=2; 11=algo20240812105733; 60=2024-08-12-10:57:33; 54=2; 44=1.40; 10=0252;
8=FIX4.4; 35=8; 34=127; 49=MS; 56=M3; 52=2024-08-12-10:57:33; 55=AHC; 40=2; 11=algo20240812105733; 31=1.40; 150=0; 39=0; 54=2; 44=1.40; 32=0; 17=exec20240812105733; 38=4857; 60=2024-08-12-10:57:33; 6=0; 14=0; 37=algo20240812105733; 10=200;
8=FIX4.4; 35=F; 34=92; 49=M3; 56=MS; 52=2024-08-12-10:57:33; 41=algo20240812105733; 55=AHC; 38=4857; 11=C_algo20240812105733; 60=2024-08-12-10:57:33; 10=060;
8=FIX4.4; 35=8; 34=127; 49=MS; 56=M3; 52=2024-08-12-10:57:33; 55=AHC; 11=C_algo20240812105733; 31=0; 150=6; 39=6; 54=2; 44=1.40; 17=exec20240812105733; 32=0; 41=algo20240812105733; 38=4857; 60=2024-08-12-10:57:33; 6=0.0; 14=0; 37=algo20240812105733; 10=252;
8=FIX4.4; 35=8; 34=128; 49=MS; 56=M3; 52=2024-08-12-10:57:33; 151=3643; 55=AHC; 11=C_algo20240812105733; 31=0; 150=4; 39=4; 54=2; 17=exec20240812105733; 32=0; 41=algo20240812105733; 38=4857; 60=2024-08-12-10:57:33; 6=0.0; 14=0; 37=algo20240812105733; 10=252;
8=FIX4.4; 35=D; 34=94; 49=M3; 56=MS; 52=2024-08-12-10:57:35; 55=AOS; 40=2; 38=15016; 21=2; 11=algo20240812105735; 60=2024-08-12-10:57:35; 54=1; 44=40.38; 10=0252;
8=FIX4.4; 35=8; 34=130; 49=MS; 56=M3; 52=2024-08-12-10:57:35; 55=AOS; 40=2; 11=algo20240812105735; 31=40.38; 150=0; 39=0; 54=1; 44=40.38; 32=0; 17=exec20240812105735; 38=15016; 60=2024-08-12-10:57:35; 6=0; 14=0; 37=algo20240812105735; 10=200;
8=FIX4.4; 35=8; 34=131; 49=MS; 56=M3; 52=2024-08-12-10:57:37; 55=AOS; 40=2; 11=algo20240812105735; 31=40.38; 150=2; 39=2; 54=1; 44=40.38; 32=15016; 17=exec20240812105737; 38=15016; 60=2024-08-12-10:57:37; 6=40.38; 14=15016; 37=algo20240812105735; 10=246;
8=FIX4.4; 35=D; 34=95; 49=M3; 56=MS; 52=2024-08-12-10:57:37; 55=ATEN; 40=2; 38=8016; 21=2; 11=algo20240812105737; 60=2024-08-12-10:57:37; 54=2; 44=6.45; 10=0252;
8=FIX4.4; 35=8; 34=132; 49=MS; 56=M3; 52=2024-08-12-10:57:37; 55=ATEN; 40=2; 11=algo20240812105737; 31=6.45; 150=0; 39=0; 54=2; 44=6.45; 32=0; 17=exec20240812105737; 38=8016; 60=2024-08-12-10:57:37; 6=0; 14=0; 37=algo20240812105737; 10=200;
8=FIX4.4; 35=F; 34=95; 49=M3; 56=MS; 52=2024-08-12-10:57:37; 41=algo20240812105737; 55=ATEN; 38=8016; 11=C_algo20240812105737; 60=2024-08-12-10:57:37; 10=060;
8=FIX4.4; 35=8; 34=132; 49=MS; 56=M3; 52=2024-08-12-10:57:37; 55=ATEN; 11=C_algo20240812105737; 31=0; 150=6; 39=6; 54=2; 44=6.45; 17=exec20240812105737; 32=0; 41=algo20240812105737; 38=8016; 60=2024-08-12-10:57:37; 6=0.0; 14=0; 37=algo20240812105737; 10=252;
8=FIX4.4; 35=8; 34=133; 49=MS; 56=M3; 52=2024-08-12-10:57:37; 151=6413; 55=ATEN; 11=C_algo20240812105737; 31=0; 150=4; 39=4; 54=2; 17=exec20240812105737; 32=0; 41=algo20240812105737; 38=8016; 60=2024-08-12-10:57:37; 6=0.0; 14=0; 37=algo20240812105737; 10=252;
8=FIX4.4; 35=D; 34=97; 49=M3; 56=MS; 52=2024-08-12-10:57:39; 55=AIR; 40=2; 38=4192; 21=2; 11=algo20240812105739; 60=2024-08-12-10:57:39; 54=1; 44=16.31; 10=0252;
8=FIX4.4; 35=8; 34=135; 49=MS; 56=M3; 52=2024-08-12-10:57:39; 55=AIR; 40=2; 11=algo20240812105739; 31=16.31; 150=0; 39=0; 54=1; 44=16.31; 32=0; 17=exec20240812105739; 38=4192; 60=2024-08-12-10:57:39; 6=0; 14=0; 37=algo20240812105739; 10=200;
8=FIX4.4; 35=8; 34=136; 49=MS; 56=M3; 52=2024-08-12-10:57:39; 55=AIR; 40=2; 11=algo20240812105739; 31=16.31; 150=1; 39=1; 54=1; 44=16.31; 32=838; 17=exec20240812105739; 38=4192; 60=2024-08-12-10:57:39; 6=16.31; 14=838; 37=algo20240812105739; 10=240;
8=FIX4.4; 35=8; 34=137; 49=MS; 56=M3; 52=2024-08-12-10:57:41; 55=AIR; 40=2; 11=algo20240812105739; 31=16.31; 150=1; 39=1; 54=1; 44=16.31; 32=838; 17=exec20240812105741; 38=4192; 60=2024-08-12-10:57:41; 6=16.31; 14=1676; 37=algo20240812105739; 10=240;
8=FIX4.4; 35=8; 34=138; 49=MS; 56=M3; 52=2024-08-12-10:57:42; 55=AIR; 40=2; 11=algo20240812105739; 31=16.31; 150=1; 39=1; 54=1; 44=16.31; 32=838; 17=exec20240812105742; 38=4192; 60=2024-08-12-10:57:42; 6=16.31; 14=2514; 37=algo20240812105739; 10=240;
8=FIX4.4; 35=F; 34=97; 49=M3; 56=MS; 52=2024-08-12-10:57:43; 41=algo20240812105739; 55=AIR; 38=4192; 11=C_algo20240812105739; 60=2024-08-12-10:57:43; 10=060;
8=FIX4.4; 35=8; 34=138; 49=MS; 56=M3; 52=2024-08-12-10:57:43; 55=AIR; 11=C_algo20240812105739; 31=0; 150=6; 39=6; 54=1; 44=16.31; 17=exec20240812105743; 32=0; 41=algo20240812105739; 38=4192; 60=2024-08-12-10:57:43; 6=0.0; 14=2514; 37=algo20240812105739; 10=252;
8=FIX4.4; 35=8; 34=139; 49=MS; 56=M3; 52=2024-08-12-10:57:43; 151=840; 55=AIR; 11=C_algo20240812105739; 31=0; 150=4; 39=4; 54=1; 17=exec20240812105743; 32=0; 41=algo20240812105739; 38=4192; 60=2024-08-12-10:57:43; 6=0.0; 14=2514; 37=algo20240812105739; 10=252;
8=FIX4.4; 35=D; 34=99; 49=M3; 56=MS; 52=2024-08-12-10:57:45; 55=AAN; 40=2; 38=13142; 21=2; 11=algo20240812105745; 60=2024-08-12-10:57:45; 54=2; 44=25.68; 10=0252;
8=FIX4.4; 35=8; 34=141; 49=MS; 56=M3; 52=2024-08-12-10:57:45; 55=AAN; 40=2; 11=algo20240812105745; 31=25.68; 150=0; 39=0; 54=2; 44=25.68; 32=0; 17=exec20240812105745; 38=13142; 60=2024-08-12-10:57:45; 6=0; 14=0; 37=algo20240812105745; 10=200;
8=FIX4.4; 35=8; 34=142; 49=MS; 56=M3; 52=2024-08-12-10:57:45; 55=AAN; 40=2; 11=algo20240812105745; 31=25.68; 150=1; 39=1; 54=2; 44=25.68; 32=4380; 17=exec20240812105745; 38=13142; 60=2024-08-12-10:57:45; 6=25.68; 14=4380; 37=algo20240812105745; 10=240;
8=FIX4.4; 35=F; 34=99; 49=M3; 56=MS; 52=2024-08-12-10:57:46; 41=algo20240812105745; 55=AAN; 38=13142; 11=C_algo20240812105745; 60=2024-08-12-10:57:46; 10=060;
8=FIX4.4; 35=8; 34=142; 49=MS; 56=M3; 52=2024-08-12-10:57:46; 55=AAN; 11=C_algo20240812105745; 31=0; 150=6; 39=6; 54=2; 44=25.68; 17=exec20240812105746; 32=0; 41=algo20240812105745; 38=13142; 60=2024-08-12-10:57:46; 6=0.0; 14=4380; 37=algo20240812105745; 10=252;
8=FIX4.4; 35=8; 34=143; 49=MS; 56=M3; 52=2024-08-12-10:57:46; 151=4382; 55=AAN; 11=C_algo20240812105745; 31=0; 150=4; 39=4; 54=2; 17=exec20240812105746; 32=0; 41=algo20240812105745; 38=13142; 60=2024-08-12-10:57:46; 6=0.0; 14=4380; 37=algo20240812105745; 10=252;
8=FIX4.4; 35=D; 34=101; 49=M3; 56=MS; 52=2024-08-12-10:57:48; 55=ABB; 40=2; 38=9090; 21=2; 11=algo20240812105748; 60=2024-08-12-10:57:48; 54=2; 44=17.42; 10=0252;
8=FIX4.4; 35=8; 34=145; 49=MS; 56=M3; 52=2024-08-12-10:57:48; 55=ABB; 40=2; 11=algo20240812105748; 31=17.42; 150=0; 39=0; 54=2; 44=17.42; 32=0; 17=exec20240812105748; 38=9090; 60=2024-08-12-10:57:48; 6=0; 14=0; 37=algo20240812105748; 10=200;
8=FIX4.4; 35=8; 34=146; 49=MS; 56=M3; 52=2024-08-12-10:57:49; 55=ABB; 40=2; 11=algo20240812105748; 31=17.42; 150=2; 39=2; 54=2; 44=17.42; 32=9090; 17=exec20240812105749; 38=9090; 60=2024-08-12-10:57:49; 6=17.42; 14=9090; 37=algo20240812105748; 10=246;
8=FIX4.4; 35=D; 34=102; 49=M3; 56=MS; 52=2024-08-12-10:57:49; 55=ABT; 40=2; 38=5042; 21=2; 11=algo20240812105749; 60=2024-08-12-10:57:49; 54=2; 44=94.04; 10=0252;
8=FIX4.4; 35=8; 34=147; 49=MS; 56=M3; 52=2024-08-12-10:57:49; 55=ABT; 40=2; 11=algo20240812105749; 31=94.04; 150=0; 39=0; 54=2; 44=94.04; 32=0; 17=exec20240812105749; 38=5042; 60=2024-08-12-10:57:49; 6=0; 14=0; 37=algo20240812105749; 10=200;
8=FIX4.4; 35=F; 34=102; 49=M3; 56=MS; 52=2024-08-12-10:57:49; 41=algo20240812105749; 55=ABT; 38=5042; 11=C_algo20240812105749; 60=2024-08-12-10:57:49; 10=060;
8=FIX4.4; 35=8; 34=147; 49=MS; 56=M3; 52=2024-08-12-10:57:49; 55=ABT; 11=C_algo20240812105749; 31=0; 150=6; 39=6; 54=2; 44=94.04; 17=exec20240812105749; 32=0; 41=algo20240812105749; 38=5042; 60=2024-08-12-10:57:49; 6=0.0; 14=0; 37=algo20240812105749; 10=252;
8=FIX4.4; 35=8; 34=148; 49=MS; 56=M3; 52=2024-08-12-10:57:49; 151=3362; 55=ABT; 11=C_algo20240812105749; 31=0; 150=4; 39=4; 54=2; 17=exec20240812105749; 32=0; 41=algo20240812105749; 38=5042; 60=2024-08-12-10:57:49; 6=0.0; 14=0; 37=algo20240812105749; 10=252;
8=FIX4.4; 35=D; 34=104; 49=M3; 56=MS; 52=2024-08-12-10:57:52; 55=ABBV; 40=2; 38=30617; 21=2; 11=algo20240812105752; 60=2024-08-12-10:57:52; 54=2; 44=83.60; 10=0252;
8=FIX4.4; 35=8; 34=150; 49=MS; 56=M3; 52=2024-08-12-10:57:52; 55=ABBV; 40=2; 11=algo20240812105752; 31=83.60; 150=0; 39=0; 54=2; 44=83.60; 32=0; 17=exec20240812105752; 38=30617; 60=2024-08-12-10:57:52; 6=0; 14=0; 37=algo20240812105752; 10=200;
8=FIX4.4; 35=8; 34=151; 49=MS; 56=M3; 52=2024-08-12-10:57:52; 55=ABBV; 40=2; 11=algo20240812105752; 31=83.60; 150=1; 39=1; 54=2; 44=83.60; 32=6123; 17=exec20240812105752; 38=30617; 60=2024-08-12-10:57:52; 6=83.60; 14=6123; 37=algo20240812105752; 10=240;
8=FIX4.4; 35=F; 34=104; 49=M3; 56=MS; 52=2024-08-12-10:57:54; 41=algo20240812105752; 55=ABBV; 38=30617; 11=C_algo20240812105752; 60=2024-08-12-10:57:54; 10=060;
8=FIX4.4; 35=8; 34=151; 49=MS; 56=M3; 52=2024-08-12-10:57:54; 55=ABBV; 11=C_algo20240812105752; 31=0; 150=6; 39=6; 54=2; 44=83.60; 17=exec20240812105754; 32=0; 41=algo20240812105752; 38=30617; 60=2024-08-12-10:57:54; 6=0.0; 14=6123; 37=algo20240812105752; 10=252;
8=FIX4.4; 35=8; 34=152; 49=MS; 56=M3; 52=2024-08-12-10:57:54; 151=18371; 55=ABBV; 11=C_algo20240812105752; 31=0; 150=4; 39=4; 54=2; 17=exec20240812105754; 32=0; 41=algo20240812105752; 38=30617; 60=2024-08-12-10:57:54; 6=0.0; 14=6123; 37=algo20240812105752; 10=252;
8=FIX4.4; 35=D; 34=106; 49=M3; 56=MS; 52=2024-08-12-10:57:57; 55=ANF; 40=2; 38=32329; 21=2; 11=algo20240812105757; 60=2024-08-12-10:57:57; 54=2; 44=9.10; 10=0252;
8=FIX4.4; 35=8; 34=154; 49=MS; 56=M3; 52=2024-08-12-10:57:57; 55=ANF; 40=2; 11=algo20240812105757; 31=9.10; 150=0; 39=0; 54=2; 44=9.10; 32=0; 17=exec20240812105757; 38=32329; 60=2024-08-12-10:57:57; 6=0; 14=0; 37=algo20240812105757; 10=200;
8=FIX4.4; 35=8; 34=155; 49=MS; 56=M3; 52=2024-08-12-10:57:58; 55=ANF; 40=2; 11=algo20240812105757; 31=9.10; 150=2; 39=2; 54=2; 44=9.10; 32=32329; 17=exec20240812105758; 38=32329; 60=2024-08-12-10:57:58; 6=9.10; 14=32329; 37=algo20240812105757; 10=246;
8=FIX4.4; 35=D; 34=107; 49=M3; 56=MS; 52=2024-08-12-10:57:58; 55=ABM; 40=2; 38=18077; 21=2; 11=algo20240812105758; 60=2024-08-12-10:57:58; 54=1; 44=31.64; 10=0252;
8=FIX4.4; 35=8; 34=156; 49=MS; 56=M3; 52=2024-08-12-10:57:58; 55=ABM; 40=2; 11=algo20240812105758; 31=31.64; 150=0; 39=0; 54=1; 44=31.64; 32=0; 17=exec20240812105758; 38=18077; 60=2024-08-12-10:57:58; 6=0; 14=0; 37=algo20240812105758; 10=200;
8=FIX4.4; 35=8; 34=157; 49=MS; 56=M3; 52=2024-08-12-10:57:58; 55=ABM; 40=2; 11=algo20240812105758; 31=31.64; 150=1; 39=1; 54=1; 44=31.64; 32=6025; 17=exec20240812105758; 38=18077; 60=2024-08-12-10:57:58; 6=31.64; 14=6025; 37=algo20240812105758; 10=240;
8=FIX4.4; 35=8; 34=158; 49=MS; 56=M3; 52=2024-08-12-10:57:59; 55=ABM; 40=2; 11=algo20240812105758; 31=31.64; 150=1; 39=1; 54=1; 44=31.64; 32=6025; 17=exec20240812105759; 38=18077; 60=2024-08-12-10:57:59; 6=31.64; 14=12050; 37=algo20240812105758; 10=240;
8=FIX4.4; 35=8; 34=159; 49=MS; 56=M3; 52=2024-08-12-10:58:02; 55=ABM; 40=2; 11=algo20240812105758; 31=31.64; 150=2; 39=2; 54=1; 44=31.64; 32=6027; 17=exec20240812105802; 38=18077; 60=2024-08-12-10:58:02; 6=31.64; 14=18077; 37=algo20240812105758; 10=246;
8=FIX4.4; 35=D; 34=108; 49=M3; 56=MS; 52=2024-08-12-10:58:02; 55=AAPL; 40=2; 38=3885; 21=2; 11=algo20240812105802; 60=2024-08-12-10:58:02; 54=2; 44=284.65; 10=0252;
8=FIX4.4; 35=8; 34=160; 49=MS; 56=M3; 52=2024-08-12-10:58:02; 55=AAPL; 40=2; 11=algo20240812105802; 31=284.65; 150=0; 39=0; 54=2; 44=284.65; 32=0; 17=exec20240812105802; 38=3885; 60=2024-08-12-10:58:02; 6=0; 14=0; 37=algo20240812105802; 10=200;
8=FIX4.4; 35=8; 34=161; 49=MS; 56=M3; 52=2024-08-12-10:58:03; 55=AAPL; 40=2; 11=algo20240812105802; 31=284.65; 150=2; 39=2; 54=2; 44=284.65; 32=3885; 17=exec20240812105803; 38=3885; 60=2024-08-12-10:58:03; 6=284.65; 14=3885; 37=algo20240812105802; 10=246;
8=FIX4.4; 35=D; 34=109; 49=M3; 56=MS; 52=2024-08-12-10:58:03; 55=PEP; 40=2; 38=17111; 21=2; 11=algo20240812105803; 60=2024-08-12-10:58:03; 54=2; 44=45.43; 10=0252;
8=FIX4.4; 35=8; 34=162; 49=MS; 56=M3; 52=2024-08-12-10:58:03; 55=PEP; 40=2; 11=algo20240812105803; 31=45.43; 150=0; 39=0; 54=2; 44=45.43; 32=0; 17=exec20240812105803; 38=17111; 60=2024-08-12-10:58:03; 6=0; 14=0; 37=algo20240812105803; 10=200;
8=FIX4.4; 35=8; 34=163; 49=MS; 56=M3; 52=2024-08-12-10:58:04; 55=PEP; 40=2; 11=algo20240812105803; 31=45.43; 150=2; 39=2; 54=2; 44=45.43; 32=17111; 17=exec20240812105804; 38=17111; 60=2024-08-12-10:58:04; 6=45.43; 14=17111; 37=algo20240812105803; 10=246;
8=FIX4.4; 35=D; 34=110; 49=M3; 56=MS; 52=2024-08-12-10:58:04; 55=; 40=2; 38=28760; 21=2; 11=algo20240812105804; 60=2024-08-12-10:58:04; 54=1; 44=; 10=0252;
8=FIX4.4; 35=8; 34=164; 49=MS; 56=M3; 52=2024-08-12-10:58:04; 55=; 40=2; 11=algo20240812105804; 31=; 150=0; 39=0; 54=1; 44=; 32=0; 17=exec20240812105804; 38=28760; 60=2024-08-12-10:58:04; 6=0; 14=0; 37=algo20240812105804; 10=200;
8=FIX4.4; 35=F; 34=110; 49=M3; 56=MS; 52=2024-08-12-10:58:04; 41=algo20240812105804; 55=; 38=28760; 11=C_algo20240812105804; 60=2024-08-12-10:58:04; 10=060;
8=FIX4.4; 35=8; 34=164; 49=MS; 56=M3; 52=2024-08-12-10:58:04; 55=; 11=C_algo20240812105804; 31=0; 150=6; 39=6; 54=1; 44=; 17=exec20240812105804; 32=0; 41=algo20240812105804; 38=28760; 60=2024-08-12-10:58:04; 6=0.0; 14=0; 37=algo20240812105804; 10=252;
8=FIX4.4; 35=8; 34=165; 49=MS; 56=M3; 52=2024-08-12-10:58:04; 151=14380; 55=; 11=C_algo20240812105804; 31=0; 150=4; 39=4; 54=1; 17=exec20240812105804; 32=0; 41=algo20240812105804; 38=28760; 60=2024-08-12-10:58:04; 6=0.0; 14=0; 37=algo20240812105804; 10=252;
